<?xml version="1.0" encoding="UTF-8"?>
<testsuite xmlns:xsi="http://www.w3.org/2001/XMLSchema-instance" xsi:noNamespaceSchemaLocation="https://maven.apache.org/surefire/maven-surefire-plugin/xsd/surefire-test-report-3.0.xsd" version="3.0" name="com.example.FelineTest" time="0.0" tests="4" errors="0" skipped="0" failures="0">
  <properties>
    <property name="java.specification.version" value="22"/>
    <property name="sun.jnu.encoding" value="UTF-8"/>
    <property name="java.class.path" value="/Users/andreyrodinov/Desktop/programming/AQA_Projects/qa_java/target/test-classes:/Users/andreyrodinov/Desktop/programming/AQA_Projects/qa_java/target/classes:/Users/andreyrodinov/.m2/repository/junit/junit/4.13.2/junit-4.13.2.jar:/Users/andreyrodinov/.m2/repository/org/hamcrest/hamcrest-core/1.3/hamcrest-core-1.3.jar:/Users/andreyrodinov/.m2/repository/org/mockito/mockito-core/3.12.4/mockito-core-3.12.4.jar:/Users/andreyrodinov/.m2/repository/net/bytebuddy/byte-buddy-agent/1.11.13/byte-buddy-agent-1.11.13.jar:/Users/andreyrodinov/.m2/repository/org/objenesis/objenesis/3.2/objenesis-3.2.jar:/Users/andreyrodinov/.m2/repository/net/bytebuddy/byte-buddy/1.11.16/byte-buddy-1.11.16.jar:"/>
    <property name="java.vm.vendor" value="Homebrew"/>
    <property name="sun.arch.data.model" value="64"/>
    <property name="java.vendor.url" value="https://github.com/Homebrew/homebrew-core/issues"/>
    <property name="os.name" value="Mac OS X"/>
    <property name="java.vm.specification.version" value="22"/>
    <property name="sun.java.launcher" value="SUN_STANDARD"/>
    <property name="user.country" value="RU"/>
    <property name="sun.boot.library.path" value="/opt/homebrew/Cellar/openjdk/22.0.2/libexec/openjdk.jdk/Contents/Home/lib"/>
    <property name="sun.java.command" value="/Users/andreyrodinov/Desktop/programming/AQA_Projects/qa_java/target/surefire/surefirebooter-20241007100335909_3.jar /Users/andreyrodinov/Desktop/programming/AQA_Projects/qa_java/target/surefire 2024-10-07T10-03-34_620-jvmRun1 surefire-20241007100335909_1tmp surefire_0-20241007100335909_2tmp"/>
    <property name="jdk.debug" value="release"/>
    <property name="surefire.test.class.path" value="/Users/andreyrodinov/Desktop/programming/AQA_Projects/qa_java/target/test-classes:/Users/andreyrodinov/Desktop/programming/AQA_Projects/qa_java/target/classes:/Users/andreyrodinov/.m2/repository/junit/junit/4.13.2/junit-4.13.2.jar:/Users/andreyrodinov/.m2/repository/org/hamcrest/hamcrest-core/1.3/hamcrest-core-1.3.jar:/Users/andreyrodinov/.m2/repository/org/mockito/mockito-core/3.12.4/mockito-core-3.12.4.jar:/Users/andreyrodinov/.m2/repository/net/bytebuddy/byte-buddy-agent/1.11.13/byte-buddy-agent-1.11.13.jar:/Users/andreyrodinov/.m2/repository/org/objenesis/objenesis/3.2/objenesis-3.2.jar:/Users/andreyrodinov/.m2/repository/net/bytebuddy/byte-buddy/1.11.16/byte-buddy-1.11.16.jar:"/>
    <property name="sun.cpu.endian" value="little"/>
    <property name="user.home" value="/Users/andreyrodinov"/>
    <property name="user.language" value="ru"/>
    <property name="java.specification.vendor" value="Oracle Corporation"/>
    <property name="java.version.date" value="2024-07-16"/>
    <property name="java.home" value="/opt/homebrew/Cellar/openjdk/22.0.2/libexec/openjdk.jdk/Contents/Home"/>
    <property name="file.separator" value="/"/>
    <property name="basedir" value="/Users/andreyrodinov/Desktop/programming/AQA_Projects/qa_java"/>
    <property name="java.vm.compressedOopsMode" value="Zero based"/>
    <property name="line.separator" value="&#10;"/>
    <property name="java.specification.name" value="Java Platform API Specification"/>
    <property name="java.vm.specification.vendor" value="Oracle Corporation"/>
    <property name="apple.awt.application.name" value="ForkedBooter"/>
    <property name="surefire.real.class.path" value="/Users/andreyrodinov/Desktop/programming/AQA_Projects/qa_java/target/surefire/surefirebooter-20241007100335909_3.jar"/>
    <property name="sun.management.compiler" value="HotSpot 64-Bit Tiered Compilers"/>
    <property name="java.runtime.version" value="22.0.2"/>
    <property name="user.name" value="andreyrodinov"/>
    <property name="stdout.encoding" value="UTF-8"/>
    <property name="path.separator" value=":"/>
    <property name="os.version" value="15.0"/>
    <property name="java.runtime.name" value="OpenJDK Runtime Environment"/>
    <property name="file.encoding" value="UTF-8"/>
    <property name="java.vm.name" value="OpenJDK 64-Bit Server VM"/>
    <property name="java.vendor.version" value="Homebrew"/>
    <property name="localRepository" value="/Users/andreyrodinov/.m2/repository"/>
    <property name="java.vendor.url.bug" value="https://github.com/Homebrew/homebrew-core/issues"/>
    <property name="java.io.tmpdir" value="/var/folders/td/zyhy4z_s64gdj32xxz5s8f4r0000gn/T/"/>
    <property name="java.version" value="22.0.2"/>
    <property name="user.dir" value="/Users/andreyrodinov/Desktop/programming/AQA_Projects/qa_java"/>
    <property name="os.arch" value="aarch64"/>
    <property name="java.vm.specification.name" value="Java Virtual Machine Specification"/>
    <property name="native.encoding" value="UTF-8"/>
    <property name="java.library.path" value="/Users/andreyrodinov/Library/Java/Extensions:/Library/Java/Extensions:/Network/Library/Java/Extensions:/System/Library/Java/Extensions:/usr/lib/java:."/>
    <property name="java.vm.info" value="mixed mode, sharing"/>
    <property name="stderr.encoding" value="UTF-8"/>
    <property name="java.vendor" value="Homebrew"/>
    <property name="java.vm.version" value="22.0.2"/>
    <property name="sun.io.unicode.encoding" value="UnicodeBig"/>
    <property name="java.class.version" value="66.0"/>
  </properties>
  <testcase name="kittensInputCountIsCorrect" classname="com.example.FelineTest" time="0.0"/>
  <testcase name="eatMeatIsCorrect" classname="com.example.FelineTest" time="0.0"/>
  <testcase name="familyIsCorrect" classname="com.example.FelineTest" time="0.0"/>
  <testcase name="kittensDefaultIsCorrect" classname="com.example.FelineTest" time="0.0"/>
</testsuite>